[www.illumitati.com/home.html]
[backblue.gif]
[fade.gif]
[index.html]
[cdn.prod.website-files.com/67bf56eba191d7ce37d590a1/css/illumatati.webflow.shared.dbf474684.css]
[ajax.googleapis.com/ajax/libs/webfont/1.6.26/webfont.js]
[cdn.prod.website-files.com/67bf56eba191d7ce37d590a1/67c0cccf38ee48dff32a2789_Tati Contact Sports favicon.png]
[cdn.prod.website-files.com/67bf56eba191d7ce37d590a1/67c0ccf8eaf3d8ddb2515c2f_Tati Contact Sports webp.png]
[cdn.prod.website-files.com/67bf56eba191d7ce37d590a1/67c0b7a2a58fa5cf20942d60_folder.png]
[cdn.prod.website-files.com/67bf56eba191d7ce37d590a1/67ec3f9befef2f98ce81890b_mc.png]
[cdn.prod.website-files.com/67bf56eba191d7ce37d590a1/67ec3ff3545745ff96096a2c_512-TrashIcon-macosx1.png]
[cdn.prod.website-files.com/67bf56eba191d7ce37d590a1/67c09d66c92e116a147e65d8_red.png]
[cdn.prod.website-files.com/67bf56eba191d7ce37d590a1/67c09d6609dfdd976ece70a8_Clear.png]
[cdn.prod.website-files.com/67c0e0e01fb33c0b2e83512a/67c0e53717f2680fb93bd046_DYLAN MULVANEY 2.jpg]
[cdn.prod.website-files.com/67c0e0e01fb33c0b2e83512a/67c0e52b23f6c8b4d341e51a_DYLAN.jpg]
[cdn.prod.website-files.com/67c0e0e01fb33c0b2e83512a/67c0e51e7e7e1ec32fcad25d_SANY0028.jpg]
[cdn.prod.website-files.com/67c0e0e01fb33c0b2e83512a/67c0e514a259b4b9ff1e66ef_SANY0445.jpg]
[cdn.prod.website-files.com/67c0e0e01fb33c0b2e83512a/67c0e50715e80f5689525c5e_backrooms 1 (1).jpg]
[cdn.prod.website-files.com/67c0e0e01fb33c0b2e83512a/67c0e4fc091429a9cd0b0e9a_DYLAN MULVANEY.jpg]
[cdn.prod.website-files.com/67c0e0e01fb33c0b2e83512a/67c0e4f1d99767f3dee0dc1c_HALF MAGIC _ A24.jpg]
[cdn.prod.website-files.com/67c0e0e01fb33c0b2e83512a/67c0e4e4c17a3c98c9ea2ccc_PAINTED BASIC PALTTE.jpg]
[cdn.prod.website-files.com/67c0e0e01fb33c0b2e83512a/67c0e4d8f0dc3a4385a3b6d7_RELAX ITS ONLY FASHION.jpg]
[cdn.prod.website-files.com/67c0e0e01fb33c0b2e83512a/67c0e4ce007f49bb737045aa_SANY0016.jpg]
[cdn.prod.website-files.com/67c0e0e01fb33c0b2e83512a/67c0e4c1ad5805ba60ba5f7a_SANY0024.jpg]
[cdn.prod.website-files.com/67c0e0e01fb33c0b2e83512a/67c0e4b41b5da2aaa3cbd9fd_SANY0025.jpg]
[cdn.prod.website-files.com/67c0e0e01fb33c0b2e83512a/67c0e4a75c62454a3e7a0703_SANY0027.jpg]
[cdn.prod.website-files.com/67c0e0e01fb33c0b2e83512a/67c0e4975bd88b99aa252a8e_SANY0051.jpg]
[cdn.prod.website-files.com/67c0e0e01fb33c0b2e83512a/67c0e46d695377f8c4ed829a_SANY0057_Original.jpg]
[cdn.prod.website-files.com/67c0e0e01fb33c0b2e83512a/67c0e47444e199dc95757de7_SANY0087.jpg]
[cdn.prod.website-files.com/67c0e0e01fb33c0b2e83512a/67c0e46062a0c78feca95bbe_SANY0094.jpg]
[cdn.prod.website-files.com/67c0e0e01fb33c0b2e83512a/67c0e4475c62454a3e79a50b_SANY0178.jpg]
[cdn.prod.website-files.com/67c0e0e01fb33c0b2e83512a/67c0e43b62a0c78feca92df7_SANY0317.jpg]
[cdn.prod.website-files.com/67c0e0e01fb33c0b2e83512a/67c0e42b8b540f0cf1a0c287_SCANOGRAPHY.jpg]
[cdn.prod.website-files.com/67c0e0e01fb33c0b2e83512a/67c0e41bced553d865ff6e72_Screenshot 2025-01-19 at 4.26.51 PM.jpg]
[cdn.prod.website-files.com/67c0e0e01fb33c0b2e83512a/67c0e40eee4bb6fc2ddccf87_Screenshot 2025-01-19 at 4.28.38 PM.jpg]
[cdn.prod.website-files.com/67c0e0e01fb33c0b2e83512a/67c0e3fffddf6b855f652bef_SIR.jpg]
[cdn.prod.website-files.com/67c0e0e01fb33c0b2e83512a/67c0e3e8b0110e8a053f8ec3_TEDDY FRESH X TRIXIE MATTEL.jpg]
[cdn.prod.website-files.com/67c0e0e01fb33c0b2e83512a/67c0e3dbced553d865ff3746_3.jpg]
[cdn.prod.website-files.com/67c0e0e01fb33c0b2e83512a/67c0e3cec14594ba1f3f8925_4.jpg]
[cdn.prod.website-files.com/67c0e0e01fb33c0b2e83512a/67c0e3c0edd4f52832e53721_ALICE GLASS.jpg]
[cdn.prod.website-files.com/67c0e0e01fb33c0b2e83512a/67c0e3b42390b3b02571f94d_AZELLE.jpg]
[cdn.prod.website-files.com/67c0e0e01fb33c0b2e83512a/67c0e39a514fa47a6b422770_FAIT PAR LUI.jpg]
[cdn.prod.website-files.com/67c0e0e01fb33c0b2e83512a/67c0e37f3819fe606a65cf5b_FAITH.jpg]
[cdn.prod.website-files.com/67c0e0e01fb33c0b2e83512a/67c0e36dc14594ba1f3f0cc0_HALF MAGIC _ A24 2.jpg]
[cdn.prod.website-files.com/67c0e0e01fb33c0b2e83512a/67c0e35dbf95ba7194c44d6b_haylee.jpg]
[cdn.prod.website-files.com/67c0e0e01fb33c0b2e83512a/67c0e350f0ca66a5903cf998_IG 2.jpg]
[cdn.prod.website-files.com/67c0e0e01fb33c0b2e83512a/67c0e3448b540f0cf19fc9c6_IG SAFE 1.jpg]
[cdn.prod.website-files.com/67c0e0e01fb33c0b2e83512a/67c0e338e85cc294efd1c8af_ILLUMINATIJesus7 3.jpg]
[cdn.prod.website-files.com/67c0e0e01fb33c0b2e83512a/67c0e329fddf6b855f6455ac_MAEVE.jpg]
[cdn.prod.website-files.com/67c0e0e01fb33c0b2e83512a/67c0e31ee0faa1b34b68d97c_RAVEN.jpg]
[cdn.prod.website-files.com/67c0e0e01fb33c0b2e83512a/67c0e30df4ca7dac00254808_SANY0013.jpg]
[cdn.prod.website-files.com/67c0e0e01fb33c0b2e83512a/67c0e2fe41eab35c7d89cc40_SANY0015.jpg]
[cdn.prod.website-files.com/67c0e0e01fb33c0b2e83512a/67c0e2e9c34f958dc58ac7f7_SANY0095.jpg]
[cdn.prod.website-files.com/67c0e0e01fb33c0b2e83512a/67c0e2a02390b3b02570f18e_SANY0106.jpg]
[cdn.prod.website-files.com/67bf56eba191d7ce37d590a1/67c203722c9a6504a276fa92_Group (1).png]
[cdn.prod.website-files.com/67bf56eba191d7ce37d590a1/67c202159734670fd74a7256_Group.png]
[cdn.prod.website-files.com/67bf56eba191d7ce37d590a1/67c09fc86c5cb9bd5afd0a93_3dgifmaker52518.gif]
[cdn.prod.website-files.com/67bf56eba191d7ce37d590a1/67c0a495337e72233a92794f_3dgifmaker83671.gif]
[cdn.prod.website-files.com/67bf56eba191d7ce37d590a1/67d09d92ce72dcd4d9ce722c_arrows.png]
[cdn.prod.website-files.com/67bf56eba191d7ce37d590a1/67d09eb2b07138bf81e97411_refresh.png]
[cdn.prod.website-files.com/67bf56eba191d7ce37d590a1/67d09f271198a4bfd6a7db7b_Plus.png]
[cdn.prod.website-files.com/67bf56eba191d7ce37d590a1/67d097b691a57cdb61991833_magnifying-glass-16.png]
[cdn.prod.website-files.com/67bf56eba191d7ce37d590a1/67d0a131f28885f195352ae6_Artboard 1.png]
[cdn.prod.website-files.com/67bf56eba191d7ce37d590a1/67d0c49435f08ef63d46da99_67c0ccf8eaf3d8ddb2515c2f_Tati Contact Sports webp copy.png]
[cdn.prod.website-files.com/67c0e0e01fb33c0b2e83512a/6856cb0d587862821482f031_PRODUCT 1.jpg]
[cdn.prod.website-files.com/67bf56eba191d7ce37d590a1/67d0c34b534d411fabfe0295_arrow.png]
[sdks.shopifycdn.com/buy-button/latest/buy-button-storefront.min.js]
[cdn.prod.website-files.com/67bf56eba191d7ce37d590a1/67c5ecab8adb0851c1a9e23e_3dgifmaker06365.gif]
[d3e54v103j8qbb.cloudfront.net/js/jquery-3.5.1.min.dc5e7f18c89a0e.js]
[cdn.prod.website-files.com/67bf56eba191d7ce37d590a1/js/webflow.schunk.b8534fd20dd64675.js]
[cdn.prod.website-files.com/67bf56eba191d7ce37d590a1/js/webflow.schunk.8690770c53769dca.js]
[cdn.prod.website-files.com/67bf56eba191d7ce37d590a1/js/webflow.schunk.81e84d375e916845.js]
[cdn.prod.website-files.com/67bf56eba191d7ce37d590a1/js/webflow.schunk.b1fd32f079b31ddc.js]
[cdn.prod.website-files.com/67bf56eba191d7ce37d590a1/js/webflow.schunk.d31dae25a9e50a23.js]
[cdn.prod.website-files.com/67bf56eba191d7ce37d590a1/js/webflow.schunk.6dced3aab8755410.js]
[cdn.prod.website-files.com/67bf56eba191d7ce37d590a1/js/webflow.schunk.c8847e9b2429694e.js]
[cdn.prod.website-files.com/67bf56eba191d7ce37d590a1/js/webflow.2b2e9efe.4b53238483ca8a4a.js]
[cdnjs.cloudflare.com/ajax/libs/jquery/3.6.0/jquery.min.js]
[www.illumitati.com/home.html]
[cdnjs.cloudflare.com/ajax/libs/jqueryui/1.12.1/jquery-ui.min.js]
[cdn.prod.website-files.com/67bf56eba191d7ce37d590a1/67bf722764c94c91ba339555_lines.png]
[cdn.prod.website-files.com/67bf56eba191d7ce37d590a1/67c0996c3c5ac17f205a0bbf_imacborder.png]
[cdn.prod.website-files.com/67bf56eba191d7ce37d590a1/67ec3ec6a8bf295d0b09bdf5_Untitled-2.jpg]
[cdn.prod.website-files.com/67bf56eba191d7ce37d590a1/67bf7a063fc006ed1de2a06c_loading bar.jpg]
[cdn.prod.website-files.com/67bf56eba191d7ce37d590a1/67c0a9e6bf2dde80831e354e_bar.jpg]
[cdn.prod.website-files.com/67bf56eba191d7ce37d590a1/67c09bca65f317e0af604954_imacborderM.png]
[cdn.prod.website-files.com/67bf56eba191d7ce37d590a1/67d0ec9fdc3954c9804e3ce0_Untitled-5.jpg]
[cdn.prod.website-files.com/67bf56eba191d7ce37d590a1/67bf56eba191d7ce37d59161_ingen-background.gif]
[cdn.prod.website-files.com/67bf56eba191d7ce37d590a1/css/illumatati.webflow.shared.dbf474684.css]
